In file included from ../src/bufferutil.cc:15:0:
/work/www/html_tests/node_modules/socket.io/node_modules/socket.io-client/node_modules/ws/node_modules/nan/nan.h:518:3: error: ‘uv_work_t’ does not name a type
/work/www/html_tests/node_modules/socket.io/node_modules/socket.io-client/node_modules/ws/node_modules/nan/nan.h: In constructor ‘NanAsyncWorker::NanAsyncWorker(NanCallback*)’:
/work/www/html_tests/node_modules/socket.io/node_modules/socket.io-client/node_modules/ws/node_modules/nan/nan.h:490:5: error: ‘request’ was not declared in this scope
/work/www/html_tests/node_modules/socket.io/node_modules/socket.io-client/node_modules/ws/node_modules/nan/nan.h: At global scope:
/work/www/html_tests/node_modules/socket.io/node_modules/socket.io-client/node_modules/ws/node_modules/nan/nan.h:555:30: error: variable or field ‘NanAsyncExecute’ declared void
/work/www/html_tests/node_modules/socket.io/node_modules/socket.io-client/node_modules/ws/node_modules/nan/nan.h:555:30: error: ‘uv_work_t’ was not declared in this scope
/work/www/html_tests/node_modules/socket.io/node_modules/socket.io-client/node_modules/ws/node_modules/nan/nan.h:555:41: error: ‘req’ was not declared in this scope
/work/www/html_tests/node_modules/socket.io/node_modules/socket.io-client/node_modules/ws/node_modules/nan/nan.h:560:38: error: variable or field ‘NanAsyncExecuteComplete’ declared void
/work/www/html_tests/node_modules/socket.io/node_modules/socket.io-client/node_modules/ws/node_modules/nan/nan.h:560:38: error: ‘uv_work_t’ was not declared in this scope
/work/www/html_tests/node_modules/socket.io/node_modules/socket.io-client/node_modules/ws/node_modules/nan/nan.h:560:49: error: ‘req’ was not declared in this scope
/work/www/html_tests/node_modules/socket.io/node_modules/socket.io-client/node_modules/ws/node_modules/nan/nan.h: In function ‘void NanAsyncQueueWorker(NanAsyncWorker*)’:
/work/www/html_tests/node_modules/socket.io/node_modules/socket.io-client/node_modules/ws/node_modules/nan/nan.h:568:23: error: ‘uv_default_loop’ was not declared in this scope
/work/www/html_tests/node_modules/socket.io/node_modules/socket.io-client/node_modules/ws/node_modules/nan/nan.h:569:16: error: ‘class NanAsyncWorker’ has no member named ‘request’
/work/www/html_tests/node_modules/socket.io/node_modules/socket.io-client/node_modules/ws/node_modules/nan/nan.h:570:7: error: ‘NanAsyncExecute’ was not declared in this scope
/work/www/html_tests/node_modules/socket.io/node_modules/socket.io-client/node_modules/ws/node_modules/nan/nan.h:571:8: error: ‘uv_after_work_cb’ was not declared in this scope
/work/www/html_tests/node_modules/socket.io/node_modules/socket.io-client/node_modules/ws/node_modules/nan/nan.h:572:3: error: ‘uv_queue_work’ was not declared in this scope
/work/www/html_tests/node_modules/socket.io/node_modules/socket.io-client/node_modules/ws/node_modules/nan/nan.h: In function ‘void NanDispose(v8::Persistent<T>&) [with T = v8::Object]’:
/work/www/html_tests/node_modules/socket.io/node_modules/socket.io-client/node_modules/ws/node_modules/nan/nan.h:498:34:   instantiated from here
/work/www/html_tests/node_modules/socket.io/node_modules/socket.io-client/node_modules/ws/node_modules/nan/nan.h:237:5: warning: ‘void v8::Persistent<T, M>::Dispose(v8::Isolate*) [with T = v8::Object, M = v8::NonCopyablePersistentTraits<v8::Object>]’ is deprecated (declared at /home/offirmo/.node-gyp/0.11.8/deps/v8/include/v8.h:572) [-Wdeprecated-declarations]
make: *** [Release/obj.target/bufferutil/src/bufferutil.o] Error 1
gyp ERR! build error 
gyp ERR! stack Error: `make` failed with exit code: 2
gyp ERR! stack     at ChildProcess.onExit (/home/offirmo/.nave/installed/0.11.8/lib/node_modules/npm/node_modules/node-gyp/lib/build.js:267:23)
gyp ERR! stack     at ChildProcess.EventEmitter.emit (events.js:106:17)
gyp ERR! stack     at Process.ChildProcess._handle.onexit (child_process.js:827:12)
gyp ERR! System Linux 3.2.0-52-virtual
gyp ERR! command "node" "/home/offirmo/.nave/installed/0.11.8/lib/node_modules/npm/node_modules/node-gyp/bin/node-gyp.js" "rebuild"
gyp ERR! cwd /work/www/html_tests/node_modules/socket.io/node_modules/socket.io-client/node_modules/ws
gyp ERR! node -v v0.11.8
gyp ERR! node-gyp -v v0.11.0
gyp ERR! not ok 
